<?xml version="1.0" encoding="UTF-8"?>
<!-- Generated by org.testng.reporters.JUnitReportReporter -->
<testsuite hostname="MeghanaK" failures="0" tests="1" name="driverFactory.DriverScript" time="19.892" errors="0" timestamp="2023-08-03T23:51:53 IST" skipped="0">
  <testcase classname="driverFactory.DriverScript" name="startTest" time="19.892">
    <system-out>
      <![CDATA[No of rows are::11
Login Success::dashboard     http://orangehrm.qedgetech.com/symfony/web/index.php/dashboard
Login Success::dashboard     http://orangehrm.qedgetech.com/symfony/web/index.php/dashboard
Login Fail    dashboard      http://orangehrm.qedgetech.com/symfony/web/index.php/auth/validateCredentials
Login Fail    dashboard      http://orangehrm.qedgetech.com/symfony/web/index.php/auth/login
Login Success::dashboard     http://orangehrm.qedgetech.com/symfony/web/index.php/dashboard
Login Fail    dashboard      http://orangehrm.qedgetech.com/symfony/web/index.php/auth/validateCredentials
Login Fail    dashboard      http://orangehrm.qedgetech.com/symfony/web/index.php/auth/login
Login Success::dashboard     http://orangehrm.qedgetech.com/symfony/web/index.php/dashboard
Login Fail    dashboard      http://orangehrm.qedgetech.com/symfony/web/index.php/auth/login
Login Success::dashboard     http://orangehrm.qedgetech.com/symfony/web/index.php/dashboard
Login Success::dashboard     http://orangehrm.qedgetech.com/symfony/web/index.php/dashboard]]>
    </system-out>
  </testcase> <!-- startTest -->
  <system-out>
    <![CDATA[No of rows are::11
Login Success::dashboard     http://orangehrm.qedgetech.com/symfony/web/index.php/dashboard
Login Success::dashboard     http://orangehrm.qedgetech.com/symfony/web/index.php/dashboard
Login Fail    dashboard      http://orangehrm.qedgetech.com/symfony/web/index.php/auth/validateCredentials
Login Fail    dashboard      http://orangehrm.qedgetech.com/symfony/web/index.php/auth/login
Login Success::dashboard     http://orangehrm.qedgetech.com/symfony/web/index.php/dashboard
Login Fail    dashboard      http://orangehrm.qedgetech.com/symfony/web/index.php/auth/validateCredentials
Login Fail    dashboard      http://orangehrm.qedgetech.com/symfony/web/index.php/auth/login
Login Success::dashboard     http://orangehrm.qedgetech.com/symfony/web/index.php/dashboard
Login Fail    dashboard      http://orangehrm.qedgetech.com/symfony/web/index.php/auth/login
Login Success::dashboard     http://orangehrm.qedgetech.com/symfony/web/index.php/dashboard
Login Success::dashboard     http://orangehrm.qedgetech.com/symfony/web/index.php/dashboard]]>
  </system-out>
</testsuite> <!-- driverFactory.DriverScript -->
